{"level":"info","message":"Database connection established","timestamp":"2025-09-24 15:11:34"}
{"level":"error","message":"Failed to start server: SQLITE_ERROR: no such column: jobId","name":"SequelizeDatabaseError","original":{"code":"SQLITE_ERROR","errno":1,"sql":"CREATE INDEX `approvals_job_id` ON `approvals` (`jobId`)"},"parameters":{},"parent":{"code":"SQLITE_ERROR","errno":1,"sql":"CREATE INDEX `approvals_job_id` ON `approvals` (`jobId`)"},"sql":"CREATE INDEX `approvals_job_id` ON `approvals` (`jobId`)","stack":"Error\n    at Database.<anonymous> (C:\\Users\\dhuhn\\PyProjects\\ThammApprove\\node_modules\\sequelize\\src\\dialects\\sqlite\\query.js:236:27)\n    at <anonymous> (C:\\Users\\dhuhn\\PyProjects\\ThammApprove\\node_modules\\sequelize\\src\\dialects\\sqlite\\query.js:234:50)\n    at new Promise (<anonymous>)\n    at Query.run (C:\\Users\\dhuhn\\PyProjects\\ThammApprove\\node_modules\\sequelize\\src\\dialects\\sqlite\\query.js:234:12)\n    at <anonymous> (C:\\Users\\dhuhn\\PyProjects\\ThammApprove\\node_modules\\sequelize\\src\\sequelize.js:650:28)\n    at async SQLiteQueryInterface.addIndex (C:\\Users\\dhuhn\\PyProjects\\ThammApprove\\node_modules\\sequelize\\src\\dialects\\abstract\\query-interface.js:586:12)\n    at async Function.sync (C:\\Users\\dhuhn\\PyProjects\\ThammApprove\\node_modules\\sequelize\\src\\model.js:1427:7)\n    at async Sequelize.sync (C:\\Users\\dhuhn\\PyProjects\\ThammApprove\\node_modules\\sequelize\\src\\sequelize.js:825:9)\n    at async startServer (C:\\Users\\dhuhn\\PyProjects\\ThammApprove\\backend\\src\\index.ts:46:5)","timestamp":"2025-09-24 15:11:34"}
{"level":"info","message":"Database connection established","timestamp":"2025-09-24 15:12:30"}
{"level":"info","message":"Database synchronized","timestamp":"2025-09-24 15:12:30"}
{"level":"info","message":"Server running on port 3101","timestamp":"2025-09-24 15:12:30"}
{"level":"info","message":"Frontend URL: http://localhost:3100","timestamp":"2025-09-24 15:12:30"}
{"level":"info","message":"Database connection established","timestamp":"2025-09-24 15:12:42"}
{"level":"error","message":"Failed to start server: SQLITE_ERROR: Cannot add a UNIQUE column","name":"SequelizeDatabaseError","original":{"code":"SQLITE_ERROR","errno":1,"sql":"ALTER TABLE `approvals` ADD `jobId` VARCHAR(255) NOT NULL UNIQUE;"},"parameters":{},"parent":{"code":"SQLITE_ERROR","errno":1,"sql":"ALTER TABLE `approvals` ADD `jobId` VARCHAR(255) NOT NULL UNIQUE;"},"sql":"ALTER TABLE `approvals` ADD `jobId` VARCHAR(255) NOT NULL UNIQUE;","stack":"Error\n    at Database.<anonymous> (C:\\Users\\dhuhn\\PyProjects\\ThammApprove\\node_modules\\sequelize\\src\\dialects\\sqlite\\query.js:236:27)\n    at <anonymous> (C:\\Users\\dhuhn\\PyProjects\\ThammApprove\\node_modules\\sequelize\\src\\dialects\\sqlite\\query.js:234:50)\n    at new Promise (<anonymous>)\n    at Query.run (C:\\Users\\dhuhn\\PyProjects\\ThammApprove\\node_modules\\sequelize\\src\\dialects\\sqlite\\query.js:234:12)\n    at <anonymous> (C:\\Users\\dhuhn\\PyProjects\\ThammApprove\\node_modules\\sequelize\\src\\sequelize.js:650:28)\n    at async SQLiteQueryInterface.addColumn (C:\\Users\\dhuhn\\PyProjects\\ThammApprove\\node_modules\\sequelize\\src\\dialects\\abstract\\query-interface.js:430:12)\n    at async Function.sync (C:\\Users\\dhuhn\\PyProjects\\ThammApprove\\node_modules\\sequelize\\src\\model.js:1373:11)\n    at async Sequelize.sync (C:\\Users\\dhuhn\\PyProjects\\ThammApprove\\node_modules\\sequelize\\src\\sequelize.js:825:9)\n    at async startServer (C:\\Users\\dhuhn\\PyProjects\\ThammApprove\\backend\\src\\index.ts:46:5)","timestamp":"2025-09-24 15:12:42"}
{"level":"info","message":"Database connection established","timestamp":"2025-09-24 15:12:48"}
{"level":"error","message":"Failed to start server: SQLITE_ERROR: Cannot add a UNIQUE column","name":"SequelizeDatabaseError","original":{"code":"SQLITE_ERROR","errno":1,"sql":"ALTER TABLE `approvals` ADD `jobId` VARCHAR(255) NOT NULL UNIQUE;"},"parameters":{},"parent":{"code":"SQLITE_ERROR","errno":1,"sql":"ALTER TABLE `approvals` ADD `jobId` VARCHAR(255) NOT NULL UNIQUE;"},"sql":"ALTER TABLE `approvals` ADD `jobId` VARCHAR(255) NOT NULL UNIQUE;","stack":"Error\n    at Database.<anonymous> (C:\\Users\\dhuhn\\PyProjects\\ThammApprove\\node_modules\\sequelize\\src\\dialects\\sqlite\\query.js:236:27)\n    at <anonymous> (C:\\Users\\dhuhn\\PyProjects\\ThammApprove\\node_modules\\sequelize\\src\\dialects\\sqlite\\query.js:234:50)\n    at new Promise (<anonymous>)\n    at Query.run (C:\\Users\\dhuhn\\PyProjects\\ThammApprove\\node_modules\\sequelize\\src\\dialects\\sqlite\\query.js:234:12)\n    at <anonymous> (C:\\Users\\dhuhn\\PyProjects\\ThammApprove\\node_modules\\sequelize\\src\\sequelize.js:650:28)\n    at async SQLiteQueryInterface.addColumn (C:\\Users\\dhuhn\\PyProjects\\ThammApprove\\node_modules\\sequelize\\src\\dialects\\abstract\\query-interface.js:430:12)\n    at async Function.sync (C:\\Users\\dhuhn\\PyProjects\\ThammApprove\\node_modules\\sequelize\\src\\model.js:1373:11)\n    at async Sequelize.sync (C:\\Users\\dhuhn\\PyProjects\\ThammApprove\\node_modules\\sequelize\\src\\sequelize.js:825:9)\n    at async startServer (C:\\Users\\dhuhn\\PyProjects\\ThammApprove\\backend\\src\\index.ts:46:5)","timestamp":"2025-09-24 15:12:48"}
{"level":"info","message":"Database connection established","timestamp":"2025-09-24 15:13:44"}
{"level":"error","message":"Failed to start server: SQLITE_ERROR: Cannot add a UNIQUE column","name":"SequelizeDatabaseError","original":{"code":"SQLITE_ERROR","errno":1,"sql":"ALTER TABLE `approvals` ADD `jobId` VARCHAR(255) NOT NULL UNIQUE;"},"parameters":{},"parent":{"code":"SQLITE_ERROR","errno":1,"sql":"ALTER TABLE `approvals` ADD `jobId` VARCHAR(255) NOT NULL UNIQUE;"},"sql":"ALTER TABLE `approvals` ADD `jobId` VARCHAR(255) NOT NULL UNIQUE;","stack":"Error\n    at Database.<anonymous> (C:\\Users\\dhuhn\\PyProjects\\ThammApprove\\node_modules\\sequelize\\src\\dialects\\sqlite\\query.js:236:27)\n    at <anonymous> (C:\\Users\\dhuhn\\PyProjects\\ThammApprove\\node_modules\\sequelize\\src\\dialects\\sqlite\\query.js:234:50)\n    at new Promise (<anonymous>)\n    at Query.run (C:\\Users\\dhuhn\\PyProjects\\ThammApprove\\node_modules\\sequelize\\src\\dialects\\sqlite\\query.js:234:12)\n    at <anonymous> (C:\\Users\\dhuhn\\PyProjects\\ThammApprove\\node_modules\\sequelize\\src\\sequelize.js:650:28)\n    at async SQLiteQueryInterface.addColumn (C:\\Users\\dhuhn\\PyProjects\\ThammApprove\\node_modules\\sequelize\\src\\dialects\\abstract\\query-interface.js:430:12)\n    at async Function.sync (C:\\Users\\dhuhn\\PyProjects\\ThammApprove\\node_modules\\sequelize\\src\\model.js:1373:11)\n    at async Sequelize.sync (C:\\Users\\dhuhn\\PyProjects\\ThammApprove\\node_modules\\sequelize\\src\\sequelize.js:825:9)\n    at async startServer (C:\\Users\\dhuhn\\PyProjects\\ThammApprove\\backend\\src\\index.ts:46:5)","timestamp":"2025-09-24 15:13:44"}
{"level":"info","message":"Database connection established","timestamp":"2025-09-24 15:14:25"}
{"level":"info","message":"Database synchronized","timestamp":"2025-09-24 15:14:25"}
{"level":"info","message":"Server running on port 3101","timestamp":"2025-09-24 15:14:25"}
{"level":"info","message":"Frontend URL: http://localhost:3100","timestamp":"2025-09-24 15:14:25"}
{"level":"info","message":"Database connection established","timestamp":"2025-09-24 15:17:26"}
{"level":"info","message":"Database synchronized","timestamp":"2025-09-24 15:17:26"}
{"level":"info","message":"Server running on port 3101","timestamp":"2025-09-24 15:17:26"}
{"level":"info","message":"Frontend URL: http://localhost:3100","timestamp":"2025-09-24 15:17:26"}
{"level":"info","message":"Database connection established","timestamp":"2025-09-24 15:18:37"}
{"level":"info","message":"Database synchronized","timestamp":"2025-09-24 15:18:37"}
{"level":"info","message":"Server running on port 3101","timestamp":"2025-09-24 15:18:37"}
{"level":"info","message":"Frontend URL: http://localhost:3100","timestamp":"2025-09-24 15:18:37"}
{"level":"info","message":"Database connection established","timestamp":"2025-09-24 15:22:20"}
{"level":"info","message":"Database synchronized","timestamp":"2025-09-24 15:22:21"}
{"level":"info","message":"Server running on port 3101","timestamp":"2025-09-24 15:22:21"}
{"level":"info","message":"Frontend URL: http://localhost:3100","timestamp":"2025-09-24 15:22:21"}
{"level":"info","message":"Database connection established","timestamp":"2025-09-24 15:25:06"}
{"level":"info","message":"Database synchronized","timestamp":"2025-09-24 15:25:06"}
{"level":"info","message":"Server running on port 3101","timestamp":"2025-09-24 15:25:06"}
{"level":"info","message":"Frontend URL: http://localhost:3100","timestamp":"2025-09-24 15:25:06"}
{"level":"info","message":"Database connection established","timestamp":"2025-09-24 15:25:13"}
{"level":"info","message":"Database synchronized","timestamp":"2025-09-24 15:25:14"}
{"level":"info","message":"Server running on port 3101 (all interfaces)","timestamp":"2025-09-24 15:25:14"}
{"level":"info","message":"Local access: http://localhost:3101","timestamp":"2025-09-24 15:25:14"}
{"level":"info","message":"Network access: http://172.16.0.66:3101","timestamp":"2025-09-24 15:25:14"}
{"level":"info","message":"Frontend URL: http://localhost:3100","timestamp":"2025-09-24 15:25:14"}
{"level":"info","message":"Database connection established","timestamp":"2025-09-24 15:28:06"}
{"level":"info","message":"Database synchronized","timestamp":"2025-09-24 15:28:06"}
{"level":"info","message":"Server running on port 3101 (all interfaces)","timestamp":"2025-09-24 15:28:06"}
{"level":"info","message":"Local access: http://localhost:3101","timestamp":"2025-09-24 15:28:06"}
{"level":"info","message":"Network access: http://172.16.0.66:3101","timestamp":"2025-09-24 15:28:06"}
{"level":"info","message":"Frontend URL: http://172.16.0.66:3100","timestamp":"2025-09-24 15:28:06"}
{"level":"info","message":"Database connection established","timestamp":"2025-09-24 18:18:42"}
{"level":"info","message":"Database synchronized","timestamp":"2025-09-24 18:18:42"}
{"level":"info","message":"Server running on port 3101 (all interfaces)","timestamp":"2025-09-24 18:18:42"}
{"level":"info","message":"Local access: http://localhost:3101","timestamp":"2025-09-24 18:18:42"}
{"level":"info","message":"Network access: http://172.16.0.66:3101","timestamp":"2025-09-24 18:18:42"}
{"level":"info","message":"Frontend URL: http://172.16.0.66:3100","timestamp":"2025-09-24 18:18:42"}
{"level":"info","message":"Database connection established","timestamp":"2025-09-24 18:50:08"}
{"level":"info","message":"Database synchronized","timestamp":"2025-09-24 18:50:09"}
{"level":"info","message":"Server running on port 3101 (all interfaces)","timestamp":"2025-09-24 18:50:09"}
{"level":"info","message":"Local access: http://localhost:3101","timestamp":"2025-09-24 18:50:09"}
{"level":"info","message":"Network access: http://172.16.0.66:3101","timestamp":"2025-09-24 18:50:09"}
{"level":"info","message":"Frontend URL: http://172.16.0.66:3100","timestamp":"2025-09-24 18:50:09"}
